1617374860741	geckodriver	INFO	Listening on 127.0.0.1:50338
1617374860764	mozrunner::runner	INFO	Running command: "C:\\Program Files\\Mozilla Firefox\\firefox.exe" "--marionette" "-foreground" "-no-remote" "-profile" "C:\\Users\\Cyp\\AppData\\Local\\Temp\\rust_mozprofile8ziuIs"
1617374910018	geckodriver	INFO	Listening on 127.0.0.1:50423
1617374910562	mozrunner::runner	INFO	Running command: "C:\\Program Files\\Mozilla Firefox\\firefox.exe" "--marionette" "-foreground" "-no-remote" "-profile" "C:\\Users\\Cyp\\AppData\\Local\\Temp\\rust_mozprofile9yMBXe"
console.warn: SearchSettings: "get: No settings file exists, new profile?" (new Error("", "(unknown module)"))
1617374913064	Marionette	INFO	Listening on port 50428
1617374913253	Marionette	WARN	TLS certificate errors will be ignored for this session
1617374918980	Marionette	INFO	Stopped listening on port 50428

###!!! [Child][RunMessage] Error: Channel closing: too late to send/recv, messages will be lost

1617376002025	geckodriver	INFO	Listening on 127.0.0.1:50634
1617376002052	mozrunner::runner	INFO	Running command: "C:\\Program Files\\Mozilla Firefox\\firefox.exe" "--marionette" "-foreground" "-no-remote" "-profile" "C:\\Users\\Cyp\\AppData\\Local\\Temp\\rust_mozprofileQi1z67"
console.warn: SearchSettings: "get: No settings file exists, new profile?" (new Error("", "(unknown module)"))
1617376004461	Marionette	INFO	Listening on port 50639
1617376004720	Marionette	WARN	TLS certificate errors will be ignored for this session
1617376009897	Marionette	INFO	Stopped listening on port 50639

###!!! [Child][RunMessage] Error: Channel closing: too late to send/recv, messages will be lost

1617376125364	geckodriver	INFO	Listening on 127.0.0.1:50714
1617376125391	mozrunner::runner	INFO	Running command: "C:\\Program Files\\Mozilla Firefox\\firefox.exe" "--marionette" "-foreground" "-no-remote" "-profile" "C:\\Users\\Cyp\\AppData\\Local\\Temp\\rust_mozprofileYgQPK5"
console.warn: SearchSettings: "get: No settings file exists, new profile?" (new Error("", "(unknown module)"))
1617376127721	Marionette	INFO	Listening on port 50719
1617376128071	Marionette	WARN	TLS certificate errors will be ignored for this session
1617376408753	Marionette	INFO	Stopped listening on port 50719

###!!! [Child][RunMessage] Error: Channel closing: too late to send/recv, messages will be lost

"--marionette" "-foreground" "-no-remote" "-profile" "C:\\Users\\Cyp\\AppData\\Local\\Temp\\rust_mozprofileGn7abi"
console.warn: SearchSettings: "get: No settings file exists, new profile?" (new Error("", "(unknown module)"))
1617376241497	Marionette	INFO	Listening on port 50813
1617376241723	Marionette	WARN	TLS certificate errors will be ignored for this session
1617376261044	Marionette	INFO	Stopped listening on port 50813

###!!! [Child][RunMessage] Error: Channel closing: too late to send/recv, messages will be lost

1617376367990	geckodriver	INFO	Listening on 127.0.0.1:50887
1617376368016	mozrunner::runner	INFO	Running command: "C:\\Program Files\\Mozilla Firefox\\firefox.exe" "--marionette" "-foreground" "-no-remote" "-profile" "C:\\Users\\Cyp\\AppData\\Local\\Temp\\rust_mozprofilew2Ax1c"
console.warn: SearchSettings: "get: No settings file exists, new profile?" (new Error("", "(unknown module)"))
1617376370379	Marionette	INFO	Listening on port 50892
1617376370693	Marionette	WARN	TLS certificate errors will be ignored for this session
1617376390293	Marionette	INFO	Stopped listening on port 50892

###!!! [Child][RunMessage] Error: Channel closing: too late to send/recv, messages will be lost

1617377828845	geckodriver	INFO	Listening on 127.0.0.1:51113
1617377828874	mozrunner::runner	INFO	Running command: "C:\\Program Files\\Mozilla Firefox\\firefox.exe" "--marionette" "-foreground" "-no-remote" "-profile" "C:\\Users\\Cyp\\AppData\\Local\\Temp\\rust_mozprofile2DoYK8"
console.warn: SearchSettings: "get: No settings file exists, new profile?" (new Error("", "(unknown module)"))
1617377831389	Marionette	INFO	Listening on port 51118
1617377831550	Marionette	WARN	TLS certificate errors will be ignored for this session
IPDL protocol error: Handler returned error code!

###!!! [Parent][DispatchAsyncMessage] Error: PLayerTransaction::Msg_ReleaseLayer Processing error: message was deserialized, but the handler returned false (indicating failure)

IPDL protocol error: Handler returned error code!

###!!! [Parent][DispatchAsyncMessage] Error: PLayerTransaction::Msg_ReleaseLayer Processing error: message was deserialized, but the handler returned false (indicating failure)

IPDL protocol error: Handler returned error code!

###!!! [Parent][DispatchAsyncMessage] Error: PLayerTransaction::Msg_ReleaseLayer Processing error: message was deserialized, but the handler returned false (indicating failure)

IPDL protocol error: Handler returned error code!

###!!! [Parent][DispatchAsyncMessage] Error: PLayerTransaction::Msg_ReleaseLayer Processing error: message was deserialized, but the handler returned false (indicating failure)

IPDL protocol error: Handler returned error code!

###!!! [Parent][DispatchAsyncMessage] Error: PLayerTransaction::Msg_ReleaseLayer Processing error: message was deserialized, but the handler returned false (indicating failure)

IPDL protocol error: Handler returned error code!

###!!! [Parent][DispatchAsyncMessage] Error: PLayerTransaction::Msg_ReleaseLayer Processing error: message was deserialized, but the handler returned false (indicating failure)

IPDL protocol error: Handler returned error code!

###!!! [Parent][DispatchAsyncMessage] Error: PLayerTransaction::Msg_ReleaseLayer Processing error: message was deserialized, but the handler returned false (indicating failure)

IPDL protocol error: Handler returned error code!

###!!! [Parent][DispatchAsyncMessage] Error: PLayerTransaction::Msg_ReleaseLayer Processing error: message was deserialized, but the handler returned false (indicating failure)

1617378230433	Marionette	INFO	Stopped listening on port 51118

###!!! [Child][RunMessage] Error: Channel closing: too late to send/recv, messages will be lost

1617378238753	geckodriver	INFO	Listening on 127.0.0.1:51289
1617378238780	mozrunner::runner	INFO	Running command: "C:\\Program Files\\Mozilla Firefox\\firefox.exe" "--marionette" "-foreground" "-no-remote" "-profile" "C:\\Users\\Cyp\\AppData\\Local\\Temp\\rust_mozprofilehZjLOB"
console.warn: SearchSettings: "get: No settings file exists, new profile?" (new Error("", "(unknown module)"))
1617378241179	Marionette	INFO	Listening on port 51294
1617378241449	Marionette	WARN	TLS certificate errors will be ignored for this session
console.log: WebExtensions: reset-default-search: No addons in our list are installed.
1617379578883	Marionette	INFO	Stopped listening on port 51294

###!!! [Child][RunMessage] Error: Channel closing: too late to send/recv, messages will be lost

mp\\rust_mozprofilefD17ZZ"
console.warn: SearchSettings: "get: No settings file exists, new profile?" (new Error("", "(unknown module)"))
1617378644723	Marionette	INFO	Listening on port 51417
1617378644981	Marionette	WARN	TLS certificate errors will be ignored for this session
1617378905655	Marionette	INFO	Stopped listening on port 51417

###!!! [Child][RunMessage] Error: Channel closing: too late to send/recv, messages will be lost

1617379652377	geckodriver	INFO	Listening on 127.0.0.1:51616
1617379652924	mozrunner::runner	INFO	Running command: "C:\\Program Files\\Mozilla Firefox\\firefox.exe" "--marionette" "-foreground" "-no-remote" "-profile" "C:\\Users\\Cyp\\AppData\\Local\\Temp\\rust_mozprofile3KjamE"
console.warn: SearchSettings: "get: No settings file exists, new profile?" (new Error("", "(unknown module)"))
1617379655442	Marionette	INFO	Listening on port 51621
1617379655589	Marionette	WARN	TLS certificate errors will be ignored for this session
console.error: Region.jsm: "Error fetching region" (new Error("TIMEOUT", "resource://gre/modules/Region.jsm", 772))
console.error: Region.jsm: "Failed to fetch region" (new Error("TIMEOUT", "resource://gre/modules/Region.jsm", 419))
console.log: WebExtensions: reset-default-search: No addons in our list are installed.
1617380471779	Marionette	INFO	Stopped listening on port 51621

###!!! [Child][RunMessage] Error: Channel closing: too late to send/recv, messages will be lost

mp\\rust_mozprofilestQNn9"
console.warn: SearchSettings: "get: No settings file exists, new profile?" (new Error("", "(unknown module)"))
1617379775839	Marionette	INFO	Listening on port 51704
1617379776120	Marionette	WARN	TLS certificate errors will be ignored for this session
console.log: WebExtensions: reset-default-search: No addons in our list are installed.
1617380472729	Marionette	INFO	Stopped listening on port 51704

###!!! [Child][RunMessage] Error: Channel closing: too late to send/recv, messages will be lost

mp\\rust_mozprofileX44oGG"
console.warn: SearchSettings: "get: No settings file exists, new profile?" (new Error("", "(unknown module)"))
1617379962191	Marionette	INFO	Listening on port 51891
1617379962425	Marionette	WARN	TLS certificate errors will be ignored for this session
console.log: WebExtensions: reset-default-search: No addons in our list are installed.
1617380473615	Marionette	INFO	Stopped listening on port 51891

###!!! [Child][RunMessage] Error: Channel closing: too late to send/recv, messages will be lost

mp\\rust_mozprofilemZ7Hou"
console.warn: SearchSettings: "get: No settings file exists, new profile?" (new Error("", "(unknown module)"))
1617380114800	Marionette	INFO	Listening on port 52074
1617380115040	Marionette	WARN	TLS certificate errors will be ignored for this session
console.log: WebExtensions: reset-default-search: No addons in our list are installed.
1617380657647	Marionette	INFO	Stopped listening on port 52074

###!!! [Child][RunMessage] Error: Channel closing: too late to send/recv, messages will be lost

mp\\rust_mozprofile8ZfPlA"
console.warn: SearchSettings: "get: No settings file exists, new profile?" (new Error("", "(unknown module)"))
1617380189035	Marionette	INFO	Listening on port 52180
1617380189086	Marionette	WARN	TLS certificate errors will be ignored for this session
1617380469753	Marionette	INFO	Stopped listening on port 52180

###!!! [Child][RunMessage] Error: Channel closing: too late to send/recv, messages will be lost

1617380578177	geckodriver	INFO	Listening on 127.0.0.1:52378
1617380578730	mozrunner::runner	INFO	Running command: "C:\\Program Files\\Mozilla Firefox\\firefox.exe" "--marionette" "-foreground" "-no-remote" "-profile" "C:\\Users\\Cyp\\AppData\\Local\\Temp\\rust_mozprofile2Hq8gH"
console.warn: SearchSettings: "get: No settings file exists, new profile?" (new Error("", "(unknown module)"))
1617380581178	Marionette	INFO	Listening on port 52383
1617380581427	Marionette	WARN	TLS certificate errors will be ignored for this session
1617380653835	Marionette	INFO	Stopped listening on port 52383

###!!! [Child][RunMessage] Error: Channel closing: too late to send/recv, messages will be lost

1617380671645	geckodriver	INFO	Listening on 127.0.0.1:52525
1617380672185	mozrunner::runner	INFO	Running command: "C:\\Program Files\\Mozilla Firefox\\firefox.exe" "--marionette" "-foreground" "-no-remote" "-profile" "C:\\Users\\Cyp\\AppData\\Local\\Temp\\rust_mozprofileXfTdws"
console.warn: SearchSettings: "get: No settings file exists, new profile?" (new Error("", "(unknown module)"))
1617380674537	Marionette	INFO	Listening on port 52530
1617380674865	Marionette	WARN	TLS certificate errors will be ignored for this session
IPDL protocol error: Handler returned error code!

###!!! [Parent][DispatchAsyncMessage] Error: PLayerTransaction::Msg_ReleaseLayer Processing error: message was deserialized, but the handler returned false (indicating failure)

IPDL protocol error: Handler returned error code!

###!!! [Parent][DispatchAsyncMessage] Error: PLayerTransaction::Msg_ReleaseLayer Processing error: message was deserialized, but the handler returned false (indicating failure)

IPDL protocol error: Handler returned error code!

###!!! [Parent][DispatchAsyncMessage] Error: PLayerTransaction::Msg_ReleaseLayer Processing error: message was deserialized, but the handler returned false (indicating failure)

IPDL protocol error: Handler returned error code!

###!!! [Parent][DispatchAsyncMessage] Error: PLayerTransaction::Msg_ReleaseLayer Processing error: message was deserialized, but the handler returned false (indicating failure)

IPDL protocol error: Handler returned error code!

###!!! [Parent][DispatchAsyncMessage] Error: PLayerTransaction::Msg_ReleaseLayer Processing error: message was deserialized, but the handler returned false (indicating failure)

IPDL protocol error: Handler returned error code!

###!!! [Parent][DispatchAsyncMessage] Error: PLayerTransaction::Msg_ReleaseLayer Processing error: message was deserialized, but the handler returned false (indicating failure)

1617380704251	Marionette	INFO	Stopped listening on port 52530

###!!! [Child][RunMessage] Error: Channel closing: too late to send/recv, messages will be lost

1617380718207	geckodriver	INFO	Listening on 127.0.0.1:52645
1617380718765	mozrunner::runner	INFO	Running command: "C:\\Program Files\\Mozilla Firefox\\firefox.exe" "--marionette" "-foreground" "-no-remote" "-profile" "C:\\Users\\Cyp\\AppData\\Local\\Temp\\rust_mozprofilejF8jLH"
console.warn: SearchSettings: "get: No settings file exists, new profile?" (new Error("", "(unknown module)"))
1617380721175	Marionette	INFO	Listening on port 52650
1617380721439	Marionette	WARN	TLS certificate errors will be ignored for this session
IPDL protocol error: Handler returned error code!

###!!! [Parent][DispatchAsyncMessage] Error: PLayerTransaction::Msg_ReleaseLayer Processing error: message was deserialized, but the handler returned false (indicating failure)

IPDL protocol error: Handler returned error code!

###!!! [Parent][DispatchAsyncMessage] Error: PLayerTransaction::Msg_ReleaseLayer Processing error: message was deserialized, but the handler returned false (indicating failure)

IPDL protocol error: Handler returned error code!

###!!! [Parent][DispatchAsyncMessage] Error: PLayerTransaction::Msg_ReleaseLayer Processing error: message was deserialized, but the handler returned false (indicating failure)

IPDL protocol error: Handler returned error code!

###!!! [Parent][DispatchAsyncMessage] Error: PLayerTransaction::Msg_ReleaseLayer Processing error: message was deserialized, but the handler returned false (indicating failure)

IPDL protocol error: Handler returned error code!

###!!! [Parent][DispatchAsyncMessage] Error: PLayerTransaction::Msg_ReleaseLayer Processing error: message was deserialized, but the handler returned false (indicating failure)

IPDL protocol error: Handler returned error code!

###!!! [Parent][DispatchAsyncMessage] Error: PLayerTransaction::Msg_ReleaseLayer Processing error: message was deserialized, but the handler returned false (indicating failure)

IPDL protocol error: Handler returned error code!

###!!! [Parent][DispatchAsyncMessage] Error: PLayerTransaction::Msg_ReleaseLayer Processing error: message was deserialized, but the handler returned false (indicating failure)

IPDL protocol error: Handler returned error code!

###!!! [Parent][DispatchAsyncMessage] Error: PLayerTransaction::Msg_ReleaseLayer Processing error: message was deserialized, but the handler returned false (indicating failure)

1617381083988	Marionette	INFO	Stopped listening on port 52650

###!!! [Child][RunMessage] Error: Channel closing: too late to send/recv, messages will be lost

1617381094469	geckodriver	INFO	Listening on 127.0.0.1:52748
1617381095019	mozrunner::runner	INFO	Running command: "C:\\Program Files\\Mozilla Firefox\\firefox.exe" "--marionette" "-foreground" "-no-remote" "-profile" "C:\\Users\\Cyp\\AppData\\Local\\Temp\\rust_mozprofile7nvmo6"
console.warn: SearchSettings: "get: No settings file exists, new profile?" (new Error("", "(unknown module)"))
1617381097471	Marionette	INFO	Listening on port 52753
1617381097698	Marionette	WARN	TLS certificate errors will be ignored for this session
1617381237248	Marionette	INFO	Stopped listening on port 52753

###!!! [Child][RunMessage] Error: Channel closing: too late to send/recv, messages will be lost

1617381242917	geckodriver	INFO	Listening on 127.0.0.1:52834
1617381243464	mozrunner::runner	INFO	Running command: "C:\\Program Files\\Mozilla Firefox\\firefox.exe" "--marionette" "-foreground" "-no-remote" "-profile" "C:\\Users\\Cyp\\AppData\\Local\\Temp\\rust_mozprofile9dlgrt"
console.warn: SearchSettings: "get: No settings file exists, new profile?" (new Error("", "(unknown module)"))
1617381245815	Marionette	INFO	Listening on port 52839
1617381246151	Marionette	WARN	TLS certificate errors will be ignored for this session
1617381403057	Marionette	INFO	Stopped listening on port 52839

###!!! [Child][RunMessage] Error: Channel closing: too late to send/recv, messages will be lost

1617381413842	geckodriver	INFO	Listening on 127.0.0.1:52913
1617381414383	mozrunner::runner	INFO	Running command: "C:\\Program Files\\Mozilla Firefox\\firefox.exe" "--marionette" "-foreground" "-no-remote" "-profile" "C:\\Users\\Cyp\\AppData\\Local\\Temp\\rust_mozprofilea1J0Wh"
console.warn: SearchSettings: "get: No settings file exists, new profile?" (new Error("", "(unknown module)"))
1617381416765	Marionette	INFO	Listening on port 52918
1617381417069	Marionette	WARN	TLS certificate errors will be ignored for this session
1617381647002	Marionette	INFO	Stopped listening on port 52918

###!!! [Child][RunMessage] Error: Channel closing: too late to send/recv, messages will be lost

"--marionette" "-foreground" "-no-remote" "-profile" "C:\\Users\\Cyp\\AppData\\Local\\Temp\\rust_mozprofileXrOwWp"
console.warn: SearchSettings: "get: No settings file exists, new profile?" (new Error("", "(unknown module)"))
1617381580167	Marionette	INFO	Listening on port 53013
1617381580326	Marionette	WARN	TLS certificate errors will be ignored for this session
1617381638298	Marionette	INFO	Stopped listening on port 53013

###!!! [Child][RunMessage] Error: Channel closing: too late to send/recv, messages will be lost

1617381683049	geckodriver	INFO	Listening on 127.0.0.1:53232
1617381683603	mozrunner::runner	INFO	Running command: "C:\\Program Files\\Mozilla Firefox\\firefox.exe" "--marionette" "-foreground" "-no-remote" "-profile" "C:\\Users\\Cyp\\AppData\\Local\\Temp\\rust_mozprofileUhPUj6"
console.warn: SearchSettings: "get: No settings file exists, new profile?" (new Error("", "(unknown module)"))
1617381686037	Marionette	INFO	Listening on port 53237
1617381686279	Marionette	WARN	TLS certificate errors will be ignored for this session
IPDL protocol error: Handler returned error code!

###!!! [Parent][DispatchAsyncMessage] Error: PLayerTransaction::Msg_ReleaseLayer Processing error: message was deserialized, but the handler returned false (indicating failure)

IPDL protocol error: Handler returned error code!

###!!! [Parent][DispatchAsyncMessage] Error: PLayerTransaction::Msg_ReleaseLayer Processing error: message was deserialized, but the handler returned false (indicating failure)

IPDL protocol error: Handler returned error code!

###!!! [Parent][DispatchAsyncMessage] Error: PLayerTransaction::Msg_ReleaseLayer Processing error: message was deserialized, but the handler returned false (indicating failure)

IPDL protocol error: Handler returned error code!

###!!! [Parent][DispatchAsyncMessage] Error: PLayerTransaction::Msg_ReleaseLayer Processing error: message was deserialized, but the handler returned false (indicating failure)

IPDL protocol error: Handler returned error code!

###!!! [Parent][DispatchAsyncMessage] Error: PLayerTransaction::Msg_ReleaseLayer Processing error: message was deserialized, but the handler returned false (indicating failure)

IPDL protocol error: Handler returned error code!

###!!! [Parent][DispatchAsyncMessage] Error: PLayerTransaction::Msg_ReleaseLayer Processing error: message was deserialized, but the handler returned false (indicating failure)

IPDL protocol error: Handler returned error code!

###!!! [Parent][DispatchAsyncMessage] Error: PLayerTransaction::Msg_ReleaseLayer Processing error: message was deserialized, but the handler returned false (indicating failure)

IPDL protocol error: Handler returned error code!

###!!! [Parent][DispatchAsyncMessage] Error: PLayerTransaction::Msg_ReleaseLayer Processing error: message was deserialized, but the handler returned false (indicating failure)

1617381950172	Marionette	INFO	Stopped listening on port 53237

###!!! [Child][RunMessage] Error: Channel closing: too late to send/recv, messages will be lost

1617382006055	geckodriver	INFO	Listening on 127.0.0.1:53356
1617382006600	mozrunner::runner	INFO	Running command: "C:\\Program Files\\Mozilla Firefox\\firefox.exe" "--marionette" "-foreground" "-no-remote" "-profile" "C:\\Users\\Cyp\\AppData\\Local\\Temp\\rust_mozprofileewfYCr"
console.warn: SearchSettings: "get: No settings file exists, new profile?" (new Error("", "(unknown module)"))
1617382009048	Marionette	INFO	Listening on port 53361
1617382009289	Marionette	WARN	TLS certificate errors will be ignored for this session
console.log: WebExtensions: reset-default-search: No addons in our list are installed.
1617390174936	Marionette	INFO	Stopped listening on port 53361

###!!! [Child][RunMessage] Error: Channel closing: too late to send/recv, messages will be lost

mp\\rust_mozprofileoYjBzh"
console.warn: SearchSettings: "get: No settings file exists, new profile?" (new Error("", "(unknown module)"))
1617382241737	Marionette	INFO	Listening on port 53537
1617382242054	Marionette	WARN	TLS certificate errors will be ignored for this session
1617382242721	Marionette	WARN	Ignoring event 'DOMContentLoaded' because document has an invalid readyState of 'complete'.
1617382244043	Marionette	WARN	Ignoring event 'DOMContentLoaded' because document has an invalid readyState of 'complete'.
console.log: WebExtensions: reset-default-search: No addons in our list are installed.
1617390168557	Marionette	INFO	Stopped listening on port 53537
firefox.exe" "--marionette" "-foreground" "-no-remote" "-profile" "C:\\Users\\Cyp\\AppData\\Local\\Temp\\rust_mozprofileM5FQNS"
console.warn: SearchSettings: "get: No settings file exists, new profile?" (new Error("", "(unknown module)"))
1617382451022	Marionette	INFO	Listening on port 53653
1617382451118	Marionette	WARN	TLS certificate errors will be ignored for this session
1617382451775	Marionette	WARN	Ignoring event 'DOMContentLoaded' because document has an invalid readyState of 'complete'.
1617382452874	Marionette	WARN	Ignoring event 'DOMContentLoaded' because document has an invalid readyState of 'complete'.
console.log: WebExtensions: reset-default-search: No addons in our list are installed.
1617390170168	Marionette	INFO	Stopped listening on port 53653

###!!! [Child][RunMessage] Error: Channel closing: too late to send/recv, messages will be lost

"--marionette" "-foreground" "-no-remote" "-profile" "C:\\Users\\Cyp\\AppData\\Local\\Temp\\rust_mozprofileRW1t8K"
console.warn: SearchSettings: "get: No settings file exists, new profile?" (new Error("", "(unknown module)"))
1617383957578	Marionette	INFO	Listening on port 54112
1617383957947	Marionette	WARN	TLS certificate errors will be ignored for this session
1617383958544	Marionette	WARN	Ignoring event 'DOMContentLoaded' because document has an invalid readyState of 'complete'.
1617383960136	Marionette	WARN	Ignoring event 'DOMContentLoaded' because document has an invalid readyState of 'complete'.
console.log: WebExtensions: reset-default-search: No addons in our list are installed.
IPDL protocol error: Handler returned error code!

###!!! [Parent][DispatchAsyncMessage] Error: PLayerTransaction::Msg_ReleaseLayer Processing error: message was deserialized, but the handler returned false (indicating failure)

IPDL protocol error: Handler returned error code!

###!!! [Parent][DispatchAsyncMessage] Error: PLayerTransaction::Msg_ReleaseLayer Processing error: message was deserialized, but the handler returned false (indicating failure)

IPDL protocol error: Handler returned error code!

###!!! [Parent][DispatchAsyncMessage] Error: PLayerTransaction::Msg_ReleaseLayer Processing error: message was deserialized, but the handler returned false (indicating failure)

IPDL protocol error: Handler returned error code!

###!!! [Parent][DispatchAsyIPDL protocol error: Handler returned error code!

###!!! [Parent][DispatchAsyncMessage] Error: PLayerTransaction::Msg_ReleaseLayer Processing error: message was deserialized, but the handler returned false (indicating failure)

IPDL protocol error: Handler returned error code!

###!!! [Parent][DispatchAsyncMessage] Error: PLayerTransaction::Msg_ReleaseLayer Processing error: message was deserialized, but the handler returned false (indicating failure)

IPDL protocol error: Handler returned error code!

###!!! [Parent][DispatchAsyncMessage] Error: PLayerTransaction::Msg_ReleaseLayer Processing error: message was deserialized, but the handler returned false (indicating failure)

IPDL protocol error: Handler returned error code!

###!!! [Parent][DispatchAsyncMessage] Error: PLayerTransaction::Msg_ReleaseLayer Processing error: message was deserialized, but the handler returned false (indicating failure)

IPDL protocol error: Handler returned error code!

###!!! [Parent][DispatchAsyncMessage] Error: PLayerTransaction::Msg_ReleaseLayer Processing error: message was deserialized, but the handler returned false (indicating failure)

IPDL protocol error: Handler returned error code!

###!!! [Parent][DispatchAsyncMessage] Error: PLayerTransaction::Msg_ReleaseLayer Processing error: message was deserialized, but the handler returned false (indicating failure)

IPDL protocol error: Handler returned error code!

###!!! [Parent][DispatchAsyncMessage] Error: PLayerTransaction::Msg_ReleaseLayer Processing error: message was deserialized, but the handler returned false (indicating failure)

IPDL protocol error: Handler returned error code!

###!!! [Parent][DispatchAsyncMessage] Error: PLayerTransaction::Msg_ReleaseLayer Processing error: message was deserialized, b1617390165944	Marionette	INFO	Stopped listening on port 57073

###!!! [Child][RunMessage] Error: Channel closing: too late to send/recv, messages will be lost

ction::Msg_ReleaseLayer Processing error: message was deserialized, but the handler returned false (indicating failure)

IPDL protocol error: Handler returned error code!

###!!! [Parent][DispatchAsyncMessage] Error: PLayerTransaction::Msg_ReleaseLayer Processing error: message was deserialized, but the handler returned false (indicating failure)

IPDL protocol error: Handler returned error code!

###!!! [Parent][DispatchAsyncMessage] Error: PLayerTransaction::Msg_ReleaseLayer Processing error: message was deserialized, but the handler returned false (indicating failure)

IPDL protocol error: Handler returned error code!

###!!! [Parent][DispatchAsyncMessage] Error: PLayerTransaction::Msg_ReleaseLayer Processing error: message was deserialized, but the handler returned false (indicating failure)

IPDL protocol error: Handler returned error code!

###!!! [Parent][DispatchAsyncMessage] Error: PLayerTransaction::Msg_ReleaseLayer Processing error: message was deserialized, but the handler returned false (indicating failure)

IPDL protocIPDL protocol error: Handler returned error code!

###!!! [Parent][DispatchAsyncMessage] Error: PLayerTransaction::Msg_ReleaseLayer Processing error: message was deserialized, but the handler returned false (indicating failure)

IPDL protocol error: Handler returned error code!

###!!! [Parent][DispatchAsyncMessage] Error: PLayerTransaction::Msg_ReleaseLayer Processing error: message was deserialized, but the handler returned false (indicating failure)

IPDL protocol error: Handler returned error code!

###!!! [Parent1617390177693	Marionette	INFO	Stopped listening on port 57555

###!!! [Child][RunMessage] Error: Channel closing: too late to send/recv, messages will be lost


IPDL protocol error: Handler returned error code!

###!!! [Parent][DispatchAsyncMessage] Error: PLayerTransaction::Msg_ReleaseLayer Processing error: message was deserialized, but the handler returned false (indicating failure)

IPDL protocol error: Handler returned error code!

###!!! [Parent][DispatchAsyncMessage] Error: PLayerTransaction::Msg_ReleaseLayer Processing error: message was deserialized, but the handler returned false (indicating failure)

IPDL protocol error: Handler returned error code!

###!!! [Parent][DispatchAsyncMessage] Error: PLayerTransaction::Msg_ReleaseLayer Pr[Parent 24916, IPC I/O Parent] WARNING: file /builds/worker/checkouts/gecko/ipc/chromium/src/base/process_util_win.cc:167
1617390177692	Marionette	INFO	Stopped listening on port 58193
] Error: PLayerTransaction::Msg_ReleaseLayer Processing error: message was deserialized, but the handler returned false (indicating failure)

IPDL protocol error: Handler returned error code!

###!!! [Parent][DispatchAsyncMessage] Error: PLayerTransaction::Msg_ReleaseLayer Processing error: message was deserialized, but the handler returned false (indicating failure)

1617390172701	Marionette	INFO	Stopped listening on port 57378

###!!! [Child][RunMessage] Error: Channel closing: too late to send/recv, messages will be lost

1617390233418	geckodriver	INFO	Listening on 127.0.0.1:58565
1617390233963	mozrunner::runner	INFO	Running command: "C:\\Program Files\\Mozilla Firefox\\firefox.exe" "--marionette" "-foreground" "-no-remote" "-profile" "C:\\Users\\Cyp\\AppData\\Local\\Temp\\rust_mozprofilePKBxDb"
console.warn: SearchSettings: "get: No settings file exists, new profile?" (new Error("", "(unknown module)"))
1617390236484	Marionette	INFO	Listening on port 58570
1617390236656	Marionette	WARN	TLS certificate errors will be ignored for this session
1617390359355	Marionette	INFO	Stopped listening on port 58570

###!!! [Child][RunMessage] Error: Channel closing: too late to send/recv, messages will be lost

1617390399710	geckodriver	INFO	Listening on 127.0.0.1:58798
1617390400256	mozrunner::runner	INFO	Running command: "C:\\Program Files\\Mozilla Firefox\\firefox.exe" "--marionette" "-foreground" "-no-remote" "-profile" "C:\\Users\\Cyp\\AppData\\Local\\Temp\\rust_mozprofilef6fB6q"
console.warn: SearchSettings: "get: No settings file exists, new profile?" (new Error("", "(unknown module)"))
1617390402717	Marionette	INFO	Listening on port 58803
1617390402939	Marionette	WARN	TLS certificate errors will be ignored for this session
1617390527646	Marionette	INFO	Stopped listening on port 58803

###!!! [Child][RunMessage] Error: Channel closing: too late to send/recv, messages will be lost

1617390623755	geckodriver	INFO	Listening on 127.0.0.1:59057
1617390624300	mozrunner::runner	INFO	Running command: "C:\\Program Files\\Mozilla Firefox\\firefox.exe" "--marionette" "-foreground" "-no-remote" "-profile" "C:\\Users\\Cyp\\AppData\\Local\\Temp\\rust_mozprofileYRd6OW"
console.warn: SearchSettings: "get: No settings file exists, new profile?" (new Error("", "(unknown module)"))
1617390626723	Marionette	INFO	Listening on port 59062
1617390626977	Marionette	WARN	TLS certificate errors will be ignored for this session
console.log: WebExtensions: reset-default-search: No addons in our list are installed.
ner	INFO	Running command: "C:\\Program Files\\Mozilla Firefox\\firefox.exe" "--marionette" "-foreground" "-no-remote" "-profile" "C:\\Users\\Cyp\\AppData\\Local\\Temp\\rust_mozprofilefbYhnm"
console.warn: SearchSettings: "get: No settings file exists, new profile?" (new Error("", "(unknown module)"))
1617391093427	Marionette	INFO	Listening on port 59469
1617391093524	Marionette	WARN	TLS certificate errors will be ignored for this session
console.error: Region.jsm: "Error fetching region" (new Error("TIMEOUT", "resource://gre/modules/Region.jsm", 772))
console.error: Region.jsm: "Failed to fetch region" (new Error("TIMEOUT", "resource://gre/modules/Region.jsm", 419))
JavaScript error: https://www.porn18pgals.info/js/webytil.js, line 1: TypeError: $(...).imagesLoadedMB is not a function
JavaScript error: https://newsadsppush.com/v1/js/72342.js, line 1: TypeError: document.querySelector(...) is null
JavaScript error: https://www.porn18pgals.info/js/webytil.js, line 1: TypeError: $(...).imagesLoadedMB is not a function
JavaScript error: https://newsadsppush.com/v1/js/72342.js, line 1: TypeError: document.querySelector(...) is null
console.log: WebExtensions: reset-default-search: No addons in our list are installed.
